{"/Users/diegomartin/Webinar/Webinar_Pokedex/lambda/us-east-1_webinarPokedex/index.js": {"path":"/Users/diegomartin/Webinar/Webinar_Pokedex/lambda/us-east-1_webinarPokedex/index.js","statementMap":{"0":{"start":{"line":1,"column":14},"end":{"line":1,"column":37}},"1":{"start":{"line":2,"column":17},"end":{"line":2,"column":34}},"2":{"start":{"line":4,"column":29},"end":{"line":20,"column":1}},"3":{"start":{"line":6,"column":8},"end":{"line":8,"column":89}},"4":{"start":{"line":11,"column":24},"end":{"line":11,"column":57}},"5":{"start":{"line":12,"column":25},"end":{"line":12,"column":80}},"6":{"start":{"line":13,"column":27},"end":{"line":14,"column":47}},"7":{"start":{"line":15,"column":8},"end":{"line":18,"column":27}},"8":{"start":{"line":22,"column":29},"end":{"line":38,"column":1}},"9":{"start":{"line":24,"column":8},"end":{"line":25,"column":81}},"10":{"start":{"line":28,"column":25},"end":{"line":28,"column":69}},"11":{"start":{"line":29,"column":23},"end":{"line":29,"column":85}},"12":{"start":{"line":30,"column":22},"end":{"line":30,"column":60}},"13":{"start":{"line":31,"column":27},"end":{"line":31,"column":105}},"14":{"start":{"line":32,"column":8},"end":{"line":36,"column":27}},"15":{"start":{"line":40,"column":26},"end":{"line":53,"column":1}},"16":{"start":{"line":42,"column":8},"end":{"line":43,"column":85}},"17":{"start":{"line":46,"column":21},"end":{"line":47,"column":73}},"18":{"start":{"line":48,"column":8},"end":{"line":51,"column":27}},"19":{"start":{"line":55,"column":37},"end":{"line":68,"column":1}},"20":{"start":{"line":57,"column":8},"end":{"line":60,"column":88}},"21":{"start":{"line":63,"column":24},"end":{"line":63,"column":66}},"22":{"start":{"line":64,"column":8},"end":{"line":66,"column":27}},"23":{"start":{"line":70,"column":35},"end":{"line":78,"column":1}},"24":{"start":{"line":72,"column":8},"end":{"line":72,"column":83}},"25":{"start":{"line":76,"column":8},"end":{"line":76,"column":58}},"26":{"start":{"line":81,"column":21},"end":{"line":94,"column":1}},"27":{"start":{"line":83,"column":8},"end":{"line":83,"column":20}},"28":{"start":{"line":86,"column":8},"end":{"line":86,"column":60}},"29":{"start":{"line":87,"column":8},"end":{"line":87,"column":29}},"30":{"start":{"line":88,"column":22},"end":{"line":88,"column":85}},"31":{"start":{"line":89,"column":8},"end":{"line":92,"column":27}},"32":{"start":{"line":99,"column":0},"end":{"line":108,"column":14}}},"fnMap":{},"branchMap":{"0":{"loc":{"start":{"line":6,"column":15},"end":{"line":8,"column":88}},"type":"binary-expr","locations":[{"start":{"line":6,"column":15},"end":{"line":6,"column":76}},{"start":{"line":7,"column":13},"end":{"line":7,"column":74}},{"start":{"line":8,"column":16},"end":{"line":8,"column":87}}],"line":6},"1":{"loc":{"start":{"line":13,"column":27},"end":{"line":14,"column":47}},"type":"cond-expr","locations":[{"start":{"line":14,"column":12},"end":{"line":14,"column":36}},{"start":{"line":14,"column":39},"end":{"line":14,"column":47}}],"line":13},"2":{"loc":{"start":{"line":24,"column":15},"end":{"line":25,"column":80}},"type":"binary-expr","locations":[{"start":{"line":24,"column":15},"end":{"line":24,"column":76}},{"start":{"line":25,"column":12},"end":{"line":25,"column":80}}],"line":24},"3":{"loc":{"start":{"line":42,"column":15},"end":{"line":43,"column":84}},"type":"binary-expr","locations":[{"start":{"line":42,"column":15},"end":{"line":42,"column":76}},{"start":{"line":43,"column":12},"end":{"line":43,"column":84}}],"line":42},"4":{"loc":{"start":{"line":57,"column":15},"end":{"line":60,"column":87}},"type":"binary-expr","locations":[{"start":{"line":57,"column":15},"end":{"line":57,"column":76}},{"start":{"line":58,"column":13},"end":{"line":58,"column":87}},{"start":{"line":59,"column":16},"end":{"line":59,"column":88}},{"start":{"line":60,"column":16},"end":{"line":60,"column":86}}],"line":57}},"s":{"0":1,"1":1,"2":1,"3":2,"4":1,"5":1,"6":1,"7":1,"8":1,"9":1,"10":1,"11":1,"12":1,"13":1,"14":1,"15":1,"16":0,"17":0,"18":0,"19":1,"20":0,"21":0,"22":0,"23":1,"24":0,"25":0,"26":1,"27":0,"28":0,"29":0,"30":0,"31":0,"32":1},"f":{},"b":{"0":[2,1,1],"1":[1,0],"2":[1,1],"3":[0,0],"4":[0,0,0,0]},"_coverageSchema":"332fd63041d2c1bcb487cc26dd0d5f7d97098a6c","hash":"e5ee5e65c19537816632ad913c8e6ca2f396fe83"}
,"/Users/diegomartin/Webinar/Webinar_Pokedex/lambda/us-east-1_webinarPokedex/util.js": {"path":"/Users/diegomartin/Webinar/Webinar_Pokedex/lambda/us-east-1_webinarPokedex/util.js","statementMap":{"0":{"start":{"line":1,"column":16},"end":{"line":1,"column":45}},"1":{"start":{"line":5,"column":8},"end":{"line":5,"column":29}},"2":{"start":{"line":6,"column":8},"end":{"line":6,"column":25}},"3":{"start":{"line":7,"column":8},"end":{"line":7,"column":23}},"4":{"start":{"line":8,"column":8},"end":{"line":8,"column":39}},"5":{"start":{"line":12,"column":21},"end":{"line":14,"column":1}},"6":{"start":{"line":13,"column":4},"end":{"line":13,"column":61}},"7":{"start":{"line":16,"column":24},"end":{"line":25,"column":1}},"8":{"start":{"line":17,"column":14},"end":{"line":17,"column":27}},"9":{"start":{"line":18,"column":26},"end":{"line":18,"column":58}},"10":{"start":{"line":19,"column":28},"end":{"line":19,"column":67}},"11":{"start":{"line":20,"column":23},"end":{"line":22,"column":6}},"12":{"start":{"line":21,"column":8},"end":{"line":21,"column":46}},"13":{"start":{"line":23,"column":18},"end":{"line":23,"column":118}},"14":{"start":{"line":24,"column":4},"end":{"line":24,"column":100}},"15":{"start":{"line":27,"column":0},"end":{"line":27,"column":42}}},"fnMap":{"0":{"name":"(anonymous_0)","decl":{"start":{"line":4,"column":4},"end":{"line":4,"column":5}},"loc":{"start":{"line":4,"column":48},"end":{"line":9,"column":5}},"line":4},"1":{"name":"(anonymous_1)","decl":{"start":{"line":12,"column":21},"end":{"line":12,"column":22}},"loc":{"start":{"line":12,"column":41},"end":{"line":14,"column":1}},"line":12},"2":{"name":"(anonymous_2)","decl":{"start":{"line":16,"column":24},"end":{"line":16,"column":25}},"loc":{"start":{"line":16,"column":48},"end":{"line":25,"column":1}},"line":16},"3":{"name":"(anonymous_3)","decl":{"start":{"line":20,"column":66},"end":{"line":20,"column":67}},"loc":{"start":{"line":20,"column":83},"end":{"line":22,"column":5}},"line":20}},"branchMap":{},"s":{"0":1,"1":1,"2":1,"3":1,"4":1,"5":1,"6":1,"7":1,"8":1,"9":1,"10":1,"11":1,"12":74,"13":1,"14":1,"15":1},"f":{"0":1,"1":1,"2":1,"3":74},"b":{},"_coverageSchema":"332fd63041d2c1bcb487cc26dd0d5f7d97098a6c","hash":"426b2cbf02f5ec769c4b0a81dab8d192f5579391"}
}
