TN:
SF:/Users/diegomartin/Webinar/Webinar_Pokedex/lambda/us-east-1_webinarPokedex/index.js
FNF:0
FNH:0
DA:1,1
DA:2,1
DA:4,1
DA:6,2
DA:11,1
DA:12,1
DA:13,1
DA:15,1
DA:22,1
DA:24,1
DA:28,1
DA:29,1
DA:30,1
DA:31,1
DA:32,1
DA:40,1
DA:42,0
DA:46,0
DA:48,0
DA:55,1
DA:57,0
DA:63,0
DA:64,0
DA:70,1
DA:72,0
DA:76,0
DA:81,1
DA:83,0
DA:86,0
DA:87,0
DA:88,0
DA:89,0
DA:99,1
LF:33
LH:20
BRDA:6,0,0,2
BRDA:6,0,1,1
BRDA:6,0,2,1
BRDA:13,1,0,1
BRDA:13,1,1,0
BRDA:24,2,0,1
BRDA:24,2,1,1
BRDA:42,3,0,0
BRDA:42,3,1,0
BRDA:57,4,0,0
BRDA:57,4,1,0
BRDA:57,4,2,0
BRDA:57,4,3,0
BRF:13
BRH:6
end_of_record
TN:
SF:/Users/diegomartin/Webinar/Webinar_Pokedex/lambda/us-east-1_webinarPokedex/util.js
FN:4,(anonymous_0)
FN:12,(anonymous_1)
FN:16,(anonymous_2)
FN:20,(anonymous_3)
FNF:4
FNH:4
FNDA:1,(anonymous_0)
FNDA:1,(anonymous_1)
FNDA:1,(anonymous_2)
FNDA:74,(anonymous_3)
DA:1,1
DA:5,1
DA:6,1
DA:7,1
DA:8,1
DA:12,1
DA:13,1
DA:16,1
DA:17,1
DA:18,1
DA:19,1
DA:20,1
DA:21,74
DA:23,1
DA:24,1
DA:27,1
LF:16
LH:16
BRF:0
BRH:0
end_of_record
